The system is: Linux - 5.14.18-300.fc35.x86_64 - x86_64
Compiling the C compiler identification source file "CMakeCCompilerId.c" succeeded.
Compiler: /home/ATE/miniconda3/bin/x86_64-conda-linux-gnu-cc 
Build flags: -march=nocona;-mtune=haswell;-ftree-vectorize;-fPIC;-fstack-protector-strong;-fno-plt;-O2;-ffunction-sections;-pipe;-isystem;/home/ATE/miniconda3/include
Id flags:  

The output was:
0


Compilation of the C compiler identification source "CMakeCCompilerId.c" produced "a.out"

The C compiler identification is GNU, found in "/home/ATE/CLionProjects/Merlin/cmake-build-debug/CMakeFiles/3.19.2/CompilerIdC/a.out"

Compiling the CXX compiler identification source file "CMakeCXXCompilerId.cpp" succeeded.
Compiler: /home/ATE/miniconda3/bin/x86_64-conda-linux-gnu-c++ 
Build flags: -fvisibility-inlines-hidden;-std=c++17;-fmessage-length=0;-march=nocona;-mtune=haswell;-ftree-vectorize;-fPIC;-fstack-protector-strong;-fno-plt;-O2;-ffunction-sections;-pipe;-isystem;/home/ATE/miniconda3/include
Id flags:  

The output was:
0


Compilation of the CXX compiler identification source "CMakeCXXCompilerId.cpp" produced "a.out"

The CXX compiler identification is GNU, found in "/home/ATE/CLionProjects/Merlin/cmake-build-debug/CMakeFiles/3.19.2/CompilerIdCXX/a.out"

Detecting C compiler ABI info compiled with the following output:
Change Dir: /home/ATE/CLionProjects/Merlin/cmake-build-debug/CMakeFiles/CMakeTmp

Run Build Command(s):/usr/bin/gmake cmTC_c7e37/fast && /usr/bin/gmake  -f CMakeFiles/cmTC_c7e37.dir/build.make CMakeFiles/cmTC_c7e37.dir/build
gmake[1]: Entering directory '/home/ATE/CLionProjects/Merlin/cmake-build-debug/CMakeFiles/CMakeTmp'
Building C object CMakeFiles/cmTC_c7e37.dir/CMakeCCompilerABI.c.o
/home/ATE/miniconda3/bin/x86_64-conda-linux-gnu-cc   -march=nocona -mtune=haswell -ftree-vectorize -fPIC -fstack-protector-strong -fno-plt -O2 -ffunction-sections -pipe -isystem /home/ATE/miniconda3/include    -v -o CMakeFiles/cmTC_c7e37.dir/CMakeCCompilerABI.c.o -c /home/ATE/.local/share/JetBrains/Toolbox/apps/CLion/ch-0/211.7142.21/bin/cmake/linux/share/cmake-3.19/Modules/CMakeCCompilerABI.c
Reading specs from /home/ATE/miniconda3/bin/../lib/gcc/x86_64-conda-linux-gnu/9.3.0/specs
COLLECT_GCC=/home/ATE/miniconda3/bin/x86_64-conda-linux-gnu-cc
Target: x86_64-conda-linux-gnu
Configured with: /home/conda/feedstock_root/build_artifacts/ctng-compilers_1618239181388/work/.build/x86_64-conda-linux-gnu/src/gcc/configure --build=x86_64-build_pc-linux-gnu --host=x86_64-build_pc-linux-gnu --target=x86_64-conda-linux-gnu --prefix=/home/conda/feedstock_root/build_artifacts/ctng-compilers_1618239181388/work/gcc_built --with-sysroot=/home/conda/feedstock_root/build_artifacts/ctng-compilers_1618239181388/work/gcc_built/x86_64-conda-linux-gnu/sysroot --enable-languages=c,c++,fortran,objc,obj-c++ --with-pkgversion='crosstool-NG 1.24.0.133_b0863d8_dirty' --enable-__cxa_atexit --disable-libmudflap --enable-libgomp --disable-libssp --enable-libquadmath --enable-libquadmath-support --enable-libsanitizer --enable-libmpx --with-gmp=/home/conda/feedstock_root/build_artifacts/ctng-compilers_1618239181388/work/.build/x86_64-conda-linux-gnu/buildtools --with-mpfr=/home/conda/feedstock_root/build_artifacts/ctng-compilers_1618239181388/work/.build/x86_64-conda-linux-gnu/buildtools --with-mpc=/home/conda/feedstock_root/build_artifacts/ctng-compilers_1618239181388/work/.build/x86_64-conda-linux-gnu/buildtools --with-isl=/home/conda/feedstock_root/build_artifacts/ctng-compilers_1618239181388/work/.build/x86_64-conda-linux-gnu/buildtools --enable-lto --enable-threads=posix --enable-target-optspace --enable-plugin --enable-gold --disable-nls --disable-multilib --with-local-prefix=/home/conda/feedstock_root/build_artifacts/ctng-compilers_1618239181388/work/gcc_built/x86_64-conda-linux-gnu/sysroot --enable-long-long --enable-default-pie
Thread model: posix
gcc version 9.3.0 (crosstool-NG 1.24.0.133_b0863d8_dirty) 
COLLECT_GCC_OPTIONS='-march=nocona' '-mtune=haswell' '-ftree-vectorize' '-fPIC' '-fstack-protector-strong' '-fno-plt' '-O2' '-ffunction-sections' '-pipe' '-isystem' '/home/ATE/miniconda3/include' '-v' '-o' 'CMakeFiles/cmTC_c7e37.dir/CMakeCCompilerABI.c.o' '-c'
 /home/ATE/miniconda3/bin/../libexec/gcc/x86_64-conda-linux-gnu/9.3.0/cc1 -quiet -v -iprefix /home/ATE/miniconda3/bin/../lib/gcc/x86_64-conda-linux-gnu/9.3.0/ -isysroot /home/ATE/miniconda3/bin/../x86_64-conda-linux-gnu/sysroot -isystem /home/ATE/miniconda3/include /home/ATE/.local/share/JetBrains/Toolbox/apps/CLion/ch-0/211.7142.21/bin/cmake/linux/share/cmake-3.19/Modules/CMakeCCompilerABI.c -quiet -dumpbase CMakeCCompilerABI.c -march=nocona -mtune=haswell -auxbase-strip CMakeFiles/cmTC_c7e37.dir/CMakeCCompilerABI.c.o -O2 -version -ftree-vectorize -fPIC -fstack-protector-strong -fno-plt -ffunction-sections -o - |
 /home/ATE/miniconda3/bin/../lib/gcc/x86_64-conda-linux-gnu/9.3.0/../../../../x86_64-conda-linux-gnu/bin/as -v --64 -o CMakeFiles/cmTC_c7e37.dir/CMakeCCompilerABI.c.o
GNU assembler version 2.36.1 (x86_64-conda-linux-gnu) using BFD version (GNU Binutils) 2.36.1
GNU C17 (crosstool-NG 1.24.0.133_b0863d8_dirty) version 9.3.0 (x86_64-conda-linux-gnu)
	compiled by GNU C version 4.4.7 20120313 (Red Hat 4.4.7-23), GMP version 6.2.0, MPFR version 4.0.2, MPC version 1.1.0, isl version isl-0.22-GMP

GGC heuristics: --param ggc-min-expand=100 --param ggc-min-heapsize=131072
ignoring duplicate directory "/home/ATE/miniconda3/bin/../lib/gcc/../../lib/gcc/x86_64-conda-linux-gnu/9.3.0/include"
ignoring nonexistent directory "/home/ATE/miniconda3/bin/../x86_64-conda-linux-gnu/sysroot/home/conda/feedstock_root/build_artifacts/ctng-compilers_1618239181388/work/gcc_built/x86_64-conda-linux-gnu/sysroot/include"
ignoring duplicate directory "/home/ATE/miniconda3/bin/../lib/gcc/../../lib/gcc/x86_64-conda-linux-gnu/9.3.0/include-fixed"
ignoring duplicate directory "/home/ATE/miniconda3/bin/../lib/gcc/../../lib/gcc/x86_64-conda-linux-gnu/9.3.0/../../../../x86_64-conda-linux-gnu/include"
#include "..." search starts here:
#include <...> search starts here:
 /home/ATE/miniconda3/include
 /home/ATE/miniconda3/bin/../lib/gcc/x86_64-conda-linux-gnu/9.3.0/include
 /home/ATE/miniconda3/bin/../lib/gcc/x86_64-conda-linux-gnu/9.3.0/include-fixed
 /home/ATE/miniconda3/bin/../lib/gcc/x86_64-conda-linux-gnu/9.3.0/../../../../x86_64-conda-linux-gnu/include
 /home/ATE/miniconda3/bin/../x86_64-conda-linux-gnu/sysroot/usr/include
End of search list.
GNU C17 (crosstool-NG 1.24.0.133_b0863d8_dirty) version 9.3.0 (x86_64-conda-linux-gnu)
	compiled by GNU C version 4.4.7 20120313 (Red Hat 4.4.7-23), GMP version 6.2.0, MPFR version 4.0.2, MPC version 1.1.0, isl version isl-0.22-GMP

GGC heuristics: --param ggc-min-expand=100 --param ggc-min-heapsize=131072
Compiler executable checksum: cb8d16fb2274c6f0ad7bbdc5844f2808
COMPILER_PATH=/home/ATE/miniconda3/bin/../libexec/gcc/x86_64-conda-linux-gnu/9.3.0/:/home/ATE/miniconda3/bin/../libexec/gcc/:/home/ATE/miniconda3/bin/../lib/gcc/x86_64-conda-linux-gnu/9.3.0/../../../../x86_64-conda-linux-gnu/bin/
LIBRARY_PATH=/home/ATE/miniconda3/bin/../lib/gcc/x86_64-conda-linux-gnu/9.3.0/:/home/ATE/miniconda3/bin/../lib/gcc/:/home/ATE/miniconda3/bin/../lib/gcc/x86_64-conda-linux-gnu/9.3.0/../../../../x86_64-conda-linux-gnu/lib/../lib/:/home/ATE/miniconda3/bin/../x86_64-conda-linux-gnu/sysroot/lib/../lib/:/home/ATE/miniconda3/bin/../x86_64-conda-linux-gnu/sysroot/usr/lib/../lib/:/home/ATE/miniconda3/bin/../lib/gcc/x86_64-conda-linux-gnu/9.3.0/../../../../x86_64-conda-linux-gnu/lib/:/home/ATE/miniconda3/bin/../x86_64-conda-linux-gnu/sysroot/lib/:/home/ATE/miniconda3/bin/../x86_64-conda-linux-gnu/sysroot/usr/lib/
COLLECT_GCC_OPTIONS='-march=nocona' '-mtune=haswell' '-ftree-vectorize' '-fPIC' '-fstack-protector-strong' '-fno-plt' '-O2' '-ffunction-sections' '-pipe' '-isystem' '/home/ATE/miniconda3/include' '-v' '-o' 'CMakeFiles/cmTC_c7e37.dir/CMakeCCompilerABI.c.o' '-c'
Linking C executable cmTC_c7e37
/home/ATE/.local/share/JetBrains/Toolbox/apps/CLion/ch-0/211.7142.21/bin/cmake/linux/bin/cmake -E cmake_link_script CMakeFiles/cmTC_c7e37.dir/link.txt --verbose=1
/home/ATE/miniconda3/bin/x86_64-conda-linux-gnu-cc -march=nocona -mtune=haswell -ftree-vectorize -fPIC -fstack-protector-strong -fno-plt -O2 -ffunction-sections -pipe -isystem /home/ATE/miniconda3/include  -Wl,-O2 -Wl,--sort-common -Wl,--as-needed -Wl,-z,relro -Wl,-z,now -Wl,--disable-new-dtags -Wl,--gc-sections -Wl,-rpath,/home/ATE/miniconda3/lib -Wl,-rpath-link,/home/ATE/miniconda3/lib -L/home/ATE/miniconda3/lib -v CMakeFiles/cmTC_c7e37.dir/CMakeCCompilerABI.c.o -o cmTC_c7e37 
Reading specs from /home/ATE/miniconda3/bin/../lib/gcc/x86_64-conda-linux-gnu/9.3.0/specs
COLLECT_GCC=/home/ATE/miniconda3/bin/x86_64-conda-linux-gnu-cc
COLLECT_LTO_WRAPPER=/home/ATE/miniconda3/bin/../libexec/gcc/x86_64-conda-linux-gnu/9.3.0/lto-wrapper
Target: x86_64-conda-linux-gnu
Configured with: /home/conda/feedstock_root/build_artifacts/ctng-compilers_1618239181388/work/.build/x86_64-conda-linux-gnu/src/gcc/configure --build=x86_64-build_pc-linux-gnu --host=x86_64-build_pc-linux-gnu --target=x86_64-conda-linux-gnu --prefix=/home/conda/feedstock_root/build_artifacts/ctng-compilers_1618239181388/work/gcc_built --with-sysroot=/home/conda/feedstock_root/build_artifacts/ctng-compilers_1618239181388/work/gcc_built/x86_64-conda-linux-gnu/sysroot --enable-languages=c,c++,fortran,objc,obj-c++ --with-pkgversion='crosstool-NG 1.24.0.133_b0863d8_dirty' --enable-__cxa_atexit --disable-libmudflap --enable-libgomp --disable-libssp --enable-libquadmath --enable-libquadmath-support --enable-libsanitizer --enable-libmpx --with-gmp=/home/conda/feedstock_root/build_artifacts/ctng-compilers_1618239181388/work/.build/x86_64-conda-linux-gnu/buildtools --with-mpfr=/home/conda/feedstock_root/build_artifacts/ctng-compilers_1618239181388/work/.build/x86_64-conda-linux-gnu/buildtools --with-mpc=/home/conda/feedstock_root/build_artifacts/ctng-compilers_1618239181388/work/.build/x86_64-conda-linux-gnu/buildtools --with-isl=/home/conda/feedstock_root/build_artifacts/ctng-compilers_1618239181388/work/.build/x86_64-conda-linux-gnu/buildtools --enable-lto --enable-threads=posix --enable-target-optspace --enable-plugin --enable-gold --disable-nls --disable-multilib --with-local-prefix=/home/conda/feedstock_root/build_artifacts/ctng-compilers_1618239181388/work/gcc_built/x86_64-conda-linux-gnu/sysroot --enable-long-long --enable-default-pie
Thread model: posix
gcc version 9.3.0 (crosstool-NG 1.24.0.133_b0863d8_dirty) 
COMPILER_PATH=/home/ATE/miniconda3/bin/../libexec/gcc/x86_64-conda-linux-gnu/9.3.0/:/home/ATE/miniconda3/bin/../libexec/gcc/:/home/ATE/miniconda3/bin/../lib/gcc/x86_64-conda-linux-gnu/9.3.0/../../../../x86_64-conda-linux-gnu/bin/
LIBRARY_PATH=/home/ATE/miniconda3/bin/../lib/gcc/x86_64-conda-linux-gnu/9.3.0/:/home/ATE/miniconda3/bin/../lib/gcc/:/home/ATE/miniconda3/bin/../lib/gcc/x86_64-conda-linux-gnu/9.3.0/../../../../x86_64-conda-linux-gnu/lib/../lib/:/home/ATE/miniconda3/bin/../x86_64-conda-linux-gnu/sysroot/lib/../lib/:/home/ATE/miniconda3/bin/../x86_64-conda-linux-gnu/sysroot/usr/lib/../lib/:/home/ATE/miniconda3/bin/../lib/gcc/x86_64-conda-linux-gnu/9.3.0/../../../../x86_64-conda-linux-gnu/lib/:/home/ATE/miniconda3/bin/../x86_64-conda-linux-gnu/sysroot/lib/:/home/ATE/miniconda3/bin/../x86_64-conda-linux-gnu/sysroot/usr/lib/
COLLECT_GCC_OPTIONS='-march=nocona' '-mtune=haswell' '-ftree-vectorize' '-fPIC' '-fstack-protector-strong' '-fno-plt' '-O2' '-ffunction-sections' '-pipe' '-isystem' '/home/ATE/miniconda3/include' '-L/home/ATE/miniconda3/lib' '-v' '-o' 'cmTC_c7e37'
 /home/ATE/miniconda3/bin/../libexec/gcc/x86_64-conda-linux-gnu/9.3.0/collect2 -plugin /home/ATE/miniconda3/bin/../libexec/gcc/x86_64-conda-linux-gnu/9.3.0/liblto_plugin.so -plugin-opt=/home/ATE/miniconda3/bin/../libexec/gcc/x86_64-conda-linux-gnu/9.3.0/lto-wrapper -plugin-opt=-fresolution=/tmp/cc10DSYT.res -plugin-opt=-pass-through=-lgcc -plugin-opt=-pass-through=-lgcc_s -plugin-opt=-pass-through=-lc -plugin-opt=-pass-through=-lgcc -plugin-opt=-pass-through=-lgcc_s --sysroot=/home/ATE/miniconda3/bin/../x86_64-conda-linux-gnu/sysroot --eh-frame-hdr -m elf_x86_64 -dynamic-linker /lib64/ld-linux-x86-64.so.2 -pie -o cmTC_c7e37 /home/ATE/miniconda3/bin/../x86_64-conda-linux-gnu/sysroot/usr/lib/../lib/Scrt1.o /home/ATE/miniconda3/bin/../x86_64-conda-linux-gnu/sysroot/usr/lib/../lib/crti.o /home/ATE/miniconda3/bin/../lib/gcc/x86_64-conda-linux-gnu/9.3.0/crtbeginS.o -L/home/ATE/miniconda3/lib -L/home/ATE/miniconda3/bin/../lib/gcc/x86_64-conda-linux-gnu/9.3.0 -L/home/ATE/miniconda3/bin/../lib/gcc -L/home/ATE/miniconda3/bin/../lib/gcc/x86_64-conda-linux-gnu/9.3.0/../../../../x86_64-conda-linux-gnu/lib/../lib -L/home/ATE/miniconda3/bin/../x86_64-conda-linux-gnu/sysroot/lib/../lib -L/home/ATE/miniconda3/bin/../x86_64-conda-linux-gnu/sysroot/usr/lib/../lib -L/home/ATE/miniconda3/bin/../lib/gcc/x86_64-conda-linux-gnu/9.3.0/../../../../x86_64-conda-linux-gnu/lib -L/home/ATE/miniconda3/bin/../x86_64-conda-linux-gnu/sysroot/lib -L/home/ATE/miniconda3/bin/../x86_64-conda-linux-gnu/sysroot/usr/lib -rpath /home/ATE/miniconda3/lib -O2 --sort-common --as-needed -z relro -z now --disable-new-dtags --gc-sections -rpath /home/ATE/miniconda3/lib -rpath-link /home/ATE/miniconda3/lib CMakeFiles/cmTC_c7e37.dir/CMakeCCompilerABI.c.o -lgcc --push-state --as-needed -lgcc_s --pop-state -lc -lgcc --push-state --as-needed -lgcc_s --pop-state /home/ATE/miniconda3/bin/../lib/gcc/x86_64-conda-linux-gnu/9.3.0/crtendS.o /home/ATE/miniconda3/bin/../x86_64-conda-linux-gnu/sysroot/usr/lib/../lib/crtn.o
COLLECT_GCC_OPTIONS='-march=nocona' '-mtune=haswell' '-ftree-vectorize' '-fPIC' '-fstack-protector-strong' '-fno-plt' '-O2' '-ffunction-sections' '-pipe' '-isystem' '/home/ATE/miniconda3/include' '-L/home/ATE/miniconda3/lib' '-v' '-o' 'cmTC_c7e37'
gmake[1]: Leaving directory '/home/ATE/CLionProjects/Merlin/cmake-build-debug/CMakeFiles/CMakeTmp'



Parsed C implicit include dir info from above output: rv=done
  found start of include info
  found start of implicit include info
    add: [/home/ATE/miniconda3/include]
    add: [/home/ATE/miniconda3/bin/../lib/gcc/x86_64-conda-linux-gnu/9.3.0/include]
    add: [/home/ATE/miniconda3/bin/../lib/gcc/x86_64-conda-linux-gnu/9.3.0/include-fixed]
    add: [/home/ATE/miniconda3/bin/../lib/gcc/x86_64-conda-linux-gnu/9.3.0/../../../../x86_64-conda-linux-gnu/include]
    add: [/home/ATE/miniconda3/bin/../x86_64-conda-linux-gnu/sysroot/usr/include]
  end of search list found
  collapse include dir [/home/ATE/miniconda3/include] ==> [/home/ATE/miniconda3/include]
  collapse include dir [/home/ATE/miniconda3/bin/../lib/gcc/x86_64-conda-linux-gnu/9.3.0/include] ==> [/home/ATE/miniconda3/lib/gcc/x86_64-conda-linux-gnu/9.3.0/include]
  collapse include dir [/home/ATE/miniconda3/bin/../lib/gcc/x86_64-conda-linux-gnu/9.3.0/include-fixed] ==> [/home/ATE/miniconda3/lib/gcc/x86_64-conda-linux-gnu/9.3.0/include-fixed]
  collapse include dir [/home/ATE/miniconda3/bin/../lib/gcc/x86_64-conda-linux-gnu/9.3.0/../../../../x86_64-conda-linux-gnu/include] ==> [/home/ATE/miniconda3/x86_64-conda-linux-gnu/include]
  collapse include dir [/home/ATE/miniconda3/bin/../x86_64-conda-linux-gnu/sysroot/usr/include] ==> [/home/ATE/miniconda3/x86_64-conda-linux-gnu/sysroot/usr/include]
  implicit include dirs: [/home/ATE/miniconda3/include;/home/ATE/miniconda3/lib/gcc/x86_64-conda-linux-gnu/9.3.0/include;/home/ATE/miniconda3/lib/gcc/x86_64-conda-linux-gnu/9.3.0/include-fixed;/home/ATE/miniconda3/x86_64-conda-linux-gnu/include;/home/ATE/miniconda3/x86_64-conda-linux-gnu/sysroot/usr/include]


Parsed C implicit link information from above output:
  link line regex: [^( *|.*[/\])(x86_64-conda-linux-gnu-ld|CMAKE_LINK_STARTFILE-NOTFOUND|([^/\]+-)?ld|collect2)[^/\]*( |$)]
  ignore line: [Change Dir: /home/ATE/CLionProjects/Merlin/cmake-build-debug/CMakeFiles/CMakeTmp]
  ignore line: []
  ignore line: [Run Build Command(s):/usr/bin/gmake cmTC_c7e37/fast && /usr/bin/gmake  -f CMakeFiles/cmTC_c7e37.dir/build.make CMakeFiles/cmTC_c7e37.dir/build]
  ignore line: [gmake[1]: Entering directory '/home/ATE/CLionProjects/Merlin/cmake-build-debug/CMakeFiles/CMakeTmp']
  ignore line: [Building C object CMakeFiles/cmTC_c7e37.dir/CMakeCCompilerABI.c.o]
  ignore line: [/home/ATE/miniconda3/bin/x86_64-conda-linux-gnu-cc   -march=nocona -mtune=haswell -ftree-vectorize -fPIC -fstack-protector-strong -fno-plt -O2 -ffunction-sections -pipe -isystem /home/ATE/miniconda3/include    -v -o CMakeFiles/cmTC_c7e37.dir/CMakeCCompilerABI.c.o -c /home/ATE/.local/share/JetBrains/Toolbox/apps/CLion/ch-0/211.7142.21/bin/cmake/linux/share/cmake-3.19/Modules/CMakeCCompilerABI.c]
  ignore line: [Reading specs from /home/ATE/miniconda3/bin/../lib/gcc/x86_64-conda-linux-gnu/9.3.0/specs]
  ignore line: [COLLECT_GCC=/home/ATE/miniconda3/bin/x86_64-conda-linux-gnu-cc]
  ignore line: [Target: x86_64-conda-linux-gnu]
  ignore line: [Configured with: /home/conda/feedstock_root/build_artifacts/ctng-compilers_1618239181388/work/.build/x86_64-conda-linux-gnu/src/gcc/configure --build=x86_64-build_pc-linux-gnu --host=x86_64-build_pc-linux-gnu --target=x86_64-conda-linux-gnu --prefix=/home/conda/feedstock_root/build_artifacts/ctng-compilers_1618239181388/work/gcc_built --with-sysroot=/home/conda/feedstock_root/build_artifacts/ctng-compilers_1618239181388/work/gcc_built/x86_64-conda-linux-gnu/sysroot --enable-languages=c c++ fortran objc obj-c++ --with-pkgversion='crosstool-NG 1.24.0.133_b0863d8_dirty' --enable-__cxa_atexit --disable-libmudflap --enable-libgomp --disable-libssp --enable-libquadmath --enable-libquadmath-support --enable-libsanitizer --enable-libmpx --with-gmp=/home/conda/feedstock_root/build_artifacts/ctng-compilers_1618239181388/work/.build/x86_64-conda-linux-gnu/buildtools --with-mpfr=/home/conda/feedstock_root/build_artifacts/ctng-compilers_1618239181388/work/.build/x86_64-conda-linux-gnu/buildtools --with-mpc=/home/conda/feedstock_root/build_artifacts/ctng-compilers_1618239181388/work/.build/x86_64-conda-linux-gnu/buildtools --with-isl=/home/conda/feedstock_root/build_artifacts/ctng-compilers_1618239181388/work/.build/x86_64-conda-linux-gnu/buildtools --enable-lto --enable-threads=posix --enable-target-optspace --enable-plugin --enable-gold --disable-nls --disable-multilib --with-local-prefix=/home/conda/feedstock_root/build_artifacts/ctng-compilers_1618239181388/work/gcc_built/x86_64-conda-linux-gnu/sysroot --enable-long-long --enable-default-pie]
  ignore line: [Thread model: posix]
  ignore line: [gcc version 9.3.0 (crosstool-NG 1.24.0.133_b0863d8_dirty) ]
  ignore line: [COLLECT_GCC_OPTIONS='-march=nocona' '-mtune=haswell' '-ftree-vectorize' '-fPIC' '-fstack-protector-strong' '-fno-plt' '-O2' '-ffunction-sections' '-pipe' '-isystem' '/home/ATE/miniconda3/include' '-v' '-o' 'CMakeFiles/cmTC_c7e37.dir/CMakeCCompilerABI.c.o' '-c']
  ignore line: [ /home/ATE/miniconda3/bin/../libexec/gcc/x86_64-conda-linux-gnu/9.3.0/cc1 -quiet -v -iprefix /home/ATE/miniconda3/bin/../lib/gcc/x86_64-conda-linux-gnu/9.3.0/ -isysroot /home/ATE/miniconda3/bin/../x86_64-conda-linux-gnu/sysroot -isystem /home/ATE/miniconda3/include /home/ATE/.local/share/JetBrains/Toolbox/apps/CLion/ch-0/211.7142.21/bin/cmake/linux/share/cmake-3.19/Modules/CMakeCCompilerABI.c -quiet -dumpbase CMakeCCompilerABI.c -march=nocona -mtune=haswell -auxbase-strip CMakeFiles/cmTC_c7e37.dir/CMakeCCompilerABI.c.o -O2 -version -ftree-vectorize -fPIC -fstack-protector-strong -fno-plt -ffunction-sections -o - |]
  ignore line: [ /home/ATE/miniconda3/bin/../lib/gcc/x86_64-conda-linux-gnu/9.3.0/../../../../x86_64-conda-linux-gnu/bin/as -v --64 -o CMakeFiles/cmTC_c7e37.dir/CMakeCCompilerABI.c.o]
  ignore line: [GNU assembler version 2.36.1 (x86_64-conda-linux-gnu) using BFD version (GNU Binutils) 2.36.1]
  ignore line: [GNU C17 (crosstool-NG 1.24.0.133_b0863d8_dirty) version 9.3.0 (x86_64-conda-linux-gnu)]
  ignore line: [	compiled by GNU C version 4.4.7 20120313 (Red Hat 4.4.7-23)  GMP version 6.2.0  MPFR version 4.0.2  MPC version 1.1.0  isl version isl-0.22-GMP]
  ignore line: []
  ignore line: [GGC heuristics: --param ggc-min-expand=100 --param ggc-min-heapsize=131072]
  ignore line: [ignoring duplicate directory "/home/ATE/miniconda3/bin/../lib/gcc/../../lib/gcc/x86_64-conda-linux-gnu/9.3.0/include"]
  ignore line: [ignoring nonexistent directory "/home/ATE/miniconda3/bin/../x86_64-conda-linux-gnu/sysroot/home/conda/feedstock_root/build_artifacts/ctng-compilers_1618239181388/work/gcc_built/x86_64-conda-linux-gnu/sysroot/include"]
  ignore line: [ignoring duplicate directory "/home/ATE/miniconda3/bin/../lib/gcc/../../lib/gcc/x86_64-conda-linux-gnu/9.3.0/include-fixed"]
  ignore line: [ignoring duplicate directory "/home/ATE/miniconda3/bin/../lib/gcc/../../lib/gcc/x86_64-conda-linux-gnu/9.3.0/../../../../x86_64-conda-linux-gnu/include"]
  ignore line: [#include "..." search starts here:]
  ignore line: [#include <...> search starts here:]
  ignore line: [ /home/ATE/miniconda3/include]
  ignore line: [ /home/ATE/miniconda3/bin/../lib/gcc/x86_64-conda-linux-gnu/9.3.0/include]
  ignore line: [ /home/ATE/miniconda3/bin/../lib/gcc/x86_64-conda-linux-gnu/9.3.0/include-fixed]
  ignore line: [ /home/ATE/miniconda3/bin/../lib/gcc/x86_64-conda-linux-gnu/9.3.0/../../../../x86_64-conda-linux-gnu/include]
  ignore line: [ /home/ATE/miniconda3/bin/../x86_64-conda-linux-gnu/sysroot/usr/include]
  ignore line: [End of search list.]
  ignore line: [GNU C17 (crosstool-NG 1.24.0.133_b0863d8_dirty) version 9.3.0 (x86_64-conda-linux-gnu)]
  ignore line: [	compiled by GNU C version 4.4.7 20120313 (Red Hat 4.4.7-23)  GMP version 6.2.0  MPFR version 4.0.2  MPC version 1.1.0  isl version isl-0.22-GMP]
  ignore line: []
  ignore line: [GGC heuristics: --param ggc-min-expand=100 --param ggc-min-heapsize=131072]
  ignore line: [Compiler executable checksum: cb8d16fb2274c6f0ad7bbdc5844f2808]
  ignore line: [COMPILER_PATH=/home/ATE/miniconda3/bin/../libexec/gcc/x86_64-conda-linux-gnu/9.3.0/:/home/ATE/miniconda3/bin/../libexec/gcc/:/home/ATE/miniconda3/bin/../lib/gcc/x86_64-conda-linux-gnu/9.3.0/../../../../x86_64-conda-linux-gnu/bin/]
  ignore line: [LIBRARY_PATH=/home/ATE/miniconda3/bin/../lib/gcc/x86_64-conda-linux-gnu/9.3.0/:/home/ATE/miniconda3/bin/../lib/gcc/:/home/ATE/miniconda3/bin/../lib/gcc/x86_64-conda-linux-gnu/9.3.0/../../../../x86_64-conda-linux-gnu/lib/../lib/:/home/ATE/miniconda3/bin/../x86_64-conda-linux-gnu/sysroot/lib/../lib/:/home/ATE/miniconda3/bin/../x86_64-conda-linux-gnu/sysroot/usr/lib/../lib/:/home/ATE/miniconda3/bin/../lib/gcc/x86_64-conda-linux-gnu/9.3.0/../../../../x86_64-conda-linux-gnu/lib/:/home/ATE/miniconda3/bin/../x86_64-conda-linux-gnu/sysroot/lib/:/home/ATE/miniconda3/bin/../x86_64-conda-linux-gnu/sysroot/usr/lib/]
  ignore line: [COLLECT_GCC_OPTIONS='-march=nocona' '-mtune=haswell' '-ftree-vectorize' '-fPIC' '-fstack-protector-strong' '-fno-plt' '-O2' '-ffunction-sections' '-pipe' '-isystem' '/home/ATE/miniconda3/include' '-v' '-o' 'CMakeFiles/cmTC_c7e37.dir/CMakeCCompilerABI.c.o' '-c']
  ignore line: [Linking C executable cmTC_c7e37]
  ignore line: [/home/ATE/.local/share/JetBrains/Toolbox/apps/CLion/ch-0/211.7142.21/bin/cmake/linux/bin/cmake -E cmake_link_script CMakeFiles/cmTC_c7e37.dir/link.txt --verbose=1]
  ignore line: [/home/ATE/miniconda3/bin/x86_64-conda-linux-gnu-cc -march=nocona -mtune=haswell -ftree-vectorize -fPIC -fstack-protector-strong -fno-plt -O2 -ffunction-sections -pipe -isystem /home/ATE/miniconda3/include  -Wl -O2 -Wl --sort-common -Wl --as-needed -Wl -z relro -Wl -z now -Wl --disable-new-dtags -Wl --gc-sections -Wl -rpath /home/ATE/miniconda3/lib -Wl -rpath-link /home/ATE/miniconda3/lib -L/home/ATE/miniconda3/lib -v CMakeFiles/cmTC_c7e37.dir/CMakeCCompilerABI.c.o -o cmTC_c7e37 ]
  ignore line: [Reading specs from /home/ATE/miniconda3/bin/../lib/gcc/x86_64-conda-linux-gnu/9.3.0/specs]
  ignore line: [COLLECT_GCC=/home/ATE/miniconda3/bin/x86_64-conda-linux-gnu-cc]
  ignore line: [COLLECT_LTO_WRAPPER=/home/ATE/miniconda3/bin/../libexec/gcc/x86_64-conda-linux-gnu/9.3.0/lto-wrapper]
  ignore line: [Target: x86_64-conda-linux-gnu]
  ignore line: [Configured with: /home/conda/feedstock_root/build_artifacts/ctng-compilers_1618239181388/work/.build/x86_64-conda-linux-gnu/src/gcc/configure --build=x86_64-build_pc-linux-gnu --host=x86_64-build_pc-linux-gnu --target=x86_64-conda-linux-gnu --prefix=/home/conda/feedstock_root/build_artifacts/ctng-compilers_1618239181388/work/gcc_built --with-sysroot=/home/conda/feedstock_root/build_artifacts/ctng-compilers_1618239181388/work/gcc_built/x86_64-conda-linux-gnu/sysroot --enable-languages=c c++ fortran objc obj-c++ --with-pkgversion='crosstool-NG 1.24.0.133_b0863d8_dirty' --enable-__cxa_atexit --disable-libmudflap --enable-libgomp --disable-libssp --enable-libquadmath --enable-libquadmath-support --enable-libsanitizer --enable-libmpx --with-gmp=/home/conda/feedstock_root/build_artifacts/ctng-compilers_1618239181388/work/.build/x86_64-conda-linux-gnu/buildtools --with-mpfr=/home/conda/feedstock_root/build_artifacts/ctng-compilers_1618239181388/work/.build/x86_64-conda-linux-gnu/buildtools --with-mpc=/home/conda/feedstock_root/build_artifacts/ctng-compilers_1618239181388/work/.build/x86_64-conda-linux-gnu/buildtools --with-isl=/home/conda/feedstock_root/build_artifacts/ctng-compilers_1618239181388/work/.build/x86_64-conda-linux-gnu/buildtools --enable-lto --enable-threads=posix --enable-target-optspace --enable-plugin --enable-gold --disable-nls --disable-multilib --with-local-prefix=/home/conda/feedstock_root/build_artifacts/ctng-compilers_1618239181388/work/gcc_built/x86_64-conda-linux-gnu/sysroot --enable-long-long --enable-default-pie]
  ignore line: [Thread model: posix]
  ignore line: [gcc version 9.3.0 (crosstool-NG 1.24.0.133_b0863d8_dirty) ]
  ignore line: [COMPILER_PATH=/home/ATE/miniconda3/bin/../libexec/gcc/x86_64-conda-linux-gnu/9.3.0/:/home/ATE/miniconda3/bin/../libexec/gcc/:/home/ATE/miniconda3/bin/../lib/gcc/x86_64-conda-linux-gnu/9.3.0/../../../../x86_64-conda-linux-gnu/bin/]
  ignore line: [LIBRARY_PATH=/home/ATE/miniconda3/bin/../lib/gcc/x86_64-conda-linux-gnu/9.3.0/:/home/ATE/miniconda3/bin/../lib/gcc/:/home/ATE/miniconda3/bin/../lib/gcc/x86_64-conda-linux-gnu/9.3.0/../../../../x86_64-conda-linux-gnu/lib/../lib/:/home/ATE/miniconda3/bin/../x86_64-conda-linux-gnu/sysroot/lib/../lib/:/home/ATE/miniconda3/bin/../x86_64-conda-linux-gnu/sysroot/usr/lib/../lib/:/home/ATE/miniconda3/bin/../lib/gcc/x86_64-conda-linux-gnu/9.3.0/../../../../x86_64-conda-linux-gnu/lib/:/home/ATE/miniconda3/bin/../x86_64-conda-linux-gnu/sysroot/lib/:/home/ATE/miniconda3/bin/../x86_64-conda-linux-gnu/sysroot/usr/lib/]
  ignore line: [COLLECT_GCC_OPTIONS='-march=nocona' '-mtune=haswell' '-ftree-vectorize' '-fPIC' '-fstack-protector-strong' '-fno-plt' '-O2' '-ffunction-sections' '-pipe' '-isystem' '/home/ATE/miniconda3/include' '-L/home/ATE/miniconda3/lib' '-v' '-o' 'cmTC_c7e37']
  link line: [ /home/ATE/miniconda3/bin/../libexec/gcc/x86_64-conda-linux-gnu/9.3.0/collect2 -plugin /home/ATE/miniconda3/bin/../libexec/gcc/x86_64-conda-linux-gnu/9.3.0/liblto_plugin.so -plugin-opt=/home/ATE/miniconda3/bin/../libexec/gcc/x86_64-conda-linux-gnu/9.3.0/lto-wrapper -plugin-opt=-fresolution=/tmp/cc10DSYT.res -plugin-opt=-pass-through=-lgcc -plugin-opt=-pass-through=-lgcc_s -plugin-opt=-pass-through=-lc -plugin-opt=-pass-through=-lgcc -plugin-opt=-pass-through=-lgcc_s --sysroot=/home/ATE/miniconda3/bin/../x86_64-conda-linux-gnu/sysroot --eh-frame-hdr -m elf_x86_64 -dynamic-linker /lib64/ld-linux-x86-64.so.2 -pie -o cmTC_c7e37 /home/ATE/miniconda3/bin/../x86_64-conda-linux-gnu/sysroot/usr/lib/../lib/Scrt1.o /home/ATE/miniconda3/bin/../x86_64-conda-linux-gnu/sysroot/usr/lib/../lib/crti.o /home/ATE/miniconda3/bin/../lib/gcc/x86_64-conda-linux-gnu/9.3.0/crtbeginS.o -L/home/ATE/miniconda3/lib -L/home/ATE/miniconda3/bin/../lib/gcc/x86_64-conda-linux-gnu/9.3.0 -L/home/ATE/miniconda3/bin/../lib/gcc -L/home/ATE/miniconda3/bin/../lib/gcc/x86_64-conda-linux-gnu/9.3.0/../../../../x86_64-conda-linux-gnu/lib/../lib -L/home/ATE/miniconda3/bin/../x86_64-conda-linux-gnu/sysroot/lib/../lib -L/home/ATE/miniconda3/bin/../x86_64-conda-linux-gnu/sysroot/usr/lib/../lib -L/home/ATE/miniconda3/bin/../lib/gcc/x86_64-conda-linux-gnu/9.3.0/../../../../x86_64-conda-linux-gnu/lib -L/home/ATE/miniconda3/bin/../x86_64-conda-linux-gnu/sysroot/lib -L/home/ATE/miniconda3/bin/../x86_64-conda-linux-gnu/sysroot/usr/lib -rpath /home/ATE/miniconda3/lib -O2 --sort-common --as-needed -z relro -z now --disable-new-dtags --gc-sections -rpath /home/ATE/miniconda3/lib -rpath-link /home/ATE/miniconda3/lib CMakeFiles/cmTC_c7e37.dir/CMakeCCompilerABI.c.o -lgcc --push-state --as-needed -lgcc_s --pop-state -lc -lgcc --push-state --as-needed -lgcc_s --pop-state /home/ATE/miniconda3/bin/../lib/gcc/x86_64-conda-linux-gnu/9.3.0/crtendS.o /home/ATE/miniconda3/bin/../x86_64-conda-linux-gnu/sysroot/usr/lib/../lib/crtn.o]
    arg [/home/ATE/miniconda3/bin/../libexec/gcc/x86_64-conda-linux-gnu/9.3.0/collect2] ==> ignore
    arg [-plugin] ==> ignore
    arg [/home/ATE/miniconda3/bin/../libexec/gcc/x86_64-conda-linux-gnu/9.3.0/liblto_plugin.so] ==> ignore
    arg [-plugin-opt=/home/ATE/miniconda3/bin/../libexec/gcc/x86_64-conda-linux-gnu/9.3.0/lto-wrapper] ==> ignore
    arg [-plugin-opt=-fresolution=/tmp/cc10DSYT.res] ==> ignore
    arg [-plugin-opt=-pass-through=-lgcc] ==> ignore
    arg [-plugin-opt=-pass-through=-lgcc_s] ==> ignore
    arg [-plugin-opt=-pass-through=-lc] ==> ignore
    arg [-plugin-opt=-pass-through=-lgcc] ==> ignore
    arg [-plugin-opt=-pass-through=-lgcc_s] ==> ignore
    arg [--sysroot=/home/ATE/miniconda3/bin/../x86_64-conda-linux-gnu/sysroot] ==> ignore
    arg [--eh-frame-hdr] ==> ignore
    arg [-m] ==> ignore
    arg [elf_x86_64] ==> ignore
    arg [-dynamic-linker] ==> ignore
    arg [/lib64/ld-linux-x86-64.so.2] ==> ignore
    arg [-pie] ==> ignore
    arg [-o] ==> ignore
    arg [cmTC_c7e37] ==> ignore
    arg [/home/ATE/miniconda3/bin/../x86_64-conda-linux-gnu/sysroot/usr/lib/../lib/Scrt1.o] ==> ignore
    arg [/home/ATE/miniconda3/bin/../x86_64-conda-linux-gnu/sysroot/usr/lib/../lib/crti.o] ==> ignore
    arg [/home/ATE/miniconda3/bin/../lib/gcc/x86_64-conda-linux-gnu/9.3.0/crtbeginS.o] ==> ignore
    arg [-L/home/ATE/miniconda3/lib] ==> dir [/home/ATE/miniconda3/lib]
    arg [-L/home/ATE/miniconda3/bin/../lib/gcc/x86_64-conda-linux-gnu/9.3.0] ==> dir [/home/ATE/miniconda3/bin/../lib/gcc/x86_64-conda-linux-gnu/9.3.0]
    arg [-L/home/ATE/miniconda3/bin/../lib/gcc] ==> dir [/home/ATE/miniconda3/bin/../lib/gcc]
    arg [-L/home/ATE/miniconda3/bin/../lib/gcc/x86_64-conda-linux-gnu/9.3.0/../../../../x86_64-conda-linux-gnu/lib/../lib] ==> dir [/home/ATE/miniconda3/bin/../lib/gcc/x86_64-conda-linux-gnu/9.3.0/../../../../x86_64-conda-linux-gnu/lib/../lib]
    arg [-L/home/ATE/miniconda3/bin/../x86_64-conda-linux-gnu/sysroot/lib/../lib] ==> dir [/home/ATE/miniconda3/bin/../x86_64-conda-linux-gnu/sysroot/lib/../lib]
    arg [-L/home/ATE/miniconda3/bin/../x86_64-conda-linux-gnu/sysroot/usr/lib/../lib] ==> dir [/home/ATE/miniconda3/bin/../x86_64-conda-linux-gnu/sysroot/usr/lib/../lib]
    arg [-L/home/ATE/miniconda3/bin/../lib/gcc/x86_64-conda-linux-gnu/9.3.0/../../../../x86_64-conda-linux-gnu/lib] ==> dir [/home/ATE/miniconda3/bin/../lib/gcc/x86_64-conda-linux-gnu/9.3.0/../../../../x86_64-conda-linux-gnu/lib]
    arg [-L/home/ATE/miniconda3/bin/../x86_64-conda-linux-gnu/sysroot/lib] ==> dir [/home/ATE/miniconda3/bin/../x86_64-conda-linux-gnu/sysroot/lib]
    arg [-L/home/ATE/miniconda3/bin/../x86_64-conda-linux-gnu/sysroot/usr/lib] ==> dir [/home/ATE/miniconda3/bin/../x86_64-conda-linux-gnu/sysroot/usr/lib]
    arg [-rpath] ==> ignore
    arg [/home/ATE/miniconda3/lib] ==> ignore
    arg [-O2] ==> ignore
    arg [--sort-common] ==> ignore
    arg [--as-needed] ==> ignore
    arg [-zrelro] ==> ignore
    arg [-znow] ==> ignore
    arg [--disable-new-dtags] ==> ignore
    arg [--gc-sections] ==> ignore
    arg [-rpath] ==> ignore
    arg [/home/ATE/miniconda3/lib] ==> ignore
    arg [-rpath-link] ==> ignore
    arg [/home/ATE/miniconda3/lib] ==> ignore
    arg [CMakeFiles/cmTC_c7e37.dir/CMakeCCompilerABI.c.o] ==> ignore
    arg [-lgcc] ==> lib [gcc]
    arg [--push-state] ==> ignore
    arg [--as-needed] ==> ignore
    arg [-lgcc_s] ==> lib [gcc_s]
    arg [--pop-state] ==> ignore
    arg [-lc] ==> lib [c]
    arg [-lgcc] ==> lib [gcc]
    arg [--push-state] ==> ignore
    arg [--as-needed] ==> ignore
    arg [-lgcc_s] ==> lib [gcc_s]
    arg [--pop-state] ==> ignore
    arg [/home/ATE/miniconda3/bin/../lib/gcc/x86_64-conda-linux-gnu/9.3.0/crtendS.o] ==> ignore
    arg [/home/ATE/miniconda3/bin/../x86_64-conda-linux-gnu/sysroot/usr/lib/../lib/crtn.o] ==> ignore
  collapse library dir [/home/ATE/miniconda3/lib] ==> [/home/ATE/miniconda3/lib]
  collapse library dir [/home/ATE/miniconda3/bin/../lib/gcc/x86_64-conda-linux-gnu/9.3.0] ==> [/home/ATE/miniconda3/lib/gcc/x86_64-conda-linux-gnu/9.3.0]
  collapse library dir [/home/ATE/miniconda3/bin/../lib/gcc] ==> [/home/ATE/miniconda3/lib/gcc]
  collapse library dir [/home/ATE/miniconda3/bin/../lib/gcc/x86_64-conda-linux-gnu/9.3.0/../../../../x86_64-conda-linux-gnu/lib/../lib] ==> [/home/ATE/miniconda3/x86_64-conda-linux-gnu/lib]
  collapse library dir [/home/ATE/miniconda3/bin/../x86_64-conda-linux-gnu/sysroot/lib/../lib] ==> [/home/ATE/miniconda3/x86_64-conda-linux-gnu/sysroot/lib]
  collapse library dir [/home/ATE/miniconda3/bin/../x86_64-conda-linux-gnu/sysroot/usr/lib/../lib] ==> [/home/ATE/miniconda3/x86_64-conda-linux-gnu/sysroot/usr/lib]
  collapse library dir [/home/ATE/miniconda3/bin/../lib/gcc/x86_64-conda-linux-gnu/9.3.0/../../../../x86_64-conda-linux-gnu/lib] ==> [/home/ATE/miniconda3/x86_64-conda-linux-gnu/lib]
  collapse library dir [/home/ATE/miniconda3/bin/../x86_64-conda-linux-gnu/sysroot/lib] ==> [/home/ATE/miniconda3/x86_64-conda-linux-gnu/sysroot/lib]
  collapse library dir [/home/ATE/miniconda3/bin/../x86_64-conda-linux-gnu/sysroot/usr/lib] ==> [/home/ATE/miniconda3/x86_64-conda-linux-gnu/sysroot/usr/lib]
  implicit libs: [gcc;gcc_s;c;gcc;gcc_s]
  implicit dirs: [/home/ATE/miniconda3/lib;/home/ATE/miniconda3/lib/gcc/x86_64-conda-linux-gnu/9.3.0;/home/ATE/miniconda3/lib/gcc;/home/ATE/miniconda3/x86_64-conda-linux-gnu/lib;/home/ATE/miniconda3/x86_64-conda-linux-gnu/sysroot/lib;/home/ATE/miniconda3/x86_64-conda-linux-gnu/sysroot/usr/lib]
  implicit fwks: []


Detecting CXX compiler ABI info compiled with the following output:
Change Dir: /home/ATE/CLionProjects/Merlin/cmake-build-debug/CMakeFiles/CMakeTmp

Run Build Command(s):/usr/bin/gmake cmTC_bb35a/fast && /usr/bin/gmake  -f CMakeFiles/cmTC_bb35a.dir/build.make CMakeFiles/cmTC_bb35a.dir/build
gmake[1]: Entering directory '/home/ATE/CLionProjects/Merlin/cmake-build-debug/CMakeFiles/CMakeTmp'
Building CXX object CMakeFiles/cmTC_bb35a.dir/CMakeCXXCompilerABI.cpp.o
/home/ATE/miniconda3/bin/x86_64-conda-linux-gnu-c++   -fvisibility-inlines-hidden -std=c++17 -fmessage-length=0 -march=nocona -mtune=haswell -ftree-vectorize -fPIC -fstack-protector-strong -fno-plt -O2 -ffunction-sections -pipe -isystem /home/ATE/miniconda3/include    -v -o CMakeFiles/cmTC_bb35a.dir/CMakeCXXCompilerABI.cpp.o -c /home/ATE/.local/share/JetBrains/Toolbox/apps/CLion/ch-0/211.7142.21/bin/cmake/linux/share/cmake-3.19/Modules/CMakeCXXCompilerABI.cpp
Reading specs from /home/ATE/miniconda3/bin/../lib/gcc/x86_64-conda-linux-gnu/9.3.0/specs
COLLECT_GCC=/home/ATE/miniconda3/bin/x86_64-conda-linux-gnu-c++
Target: x86_64-conda-linux-gnu
Configured with: /home/conda/feedstock_root/build_artifacts/ctng-compilers_1618239181388/work/.build/x86_64-conda-linux-gnu/src/gcc/configure --build=x86_64-build_pc-linux-gnu --host=x86_64-build_pc-linux-gnu --target=x86_64-conda-linux-gnu --prefix=/home/conda/feedstock_root/build_artifacts/ctng-compilers_1618239181388/work/gcc_built --with-sysroot=/home/conda/feedstock_root/build_artifacts/ctng-compilers_1618239181388/work/gcc_built/x86_64-conda-linux-gnu/sysroot --enable-languages=c,c++,fortran,objc,obj-c++ --with-pkgversion='crosstool-NG 1.24.0.133_b0863d8_dirty' --enable-__cxa_atexit --disable-libmudflap --enable-libgomp --disable-libssp --enable-libquadmath --enable-libquadmath-support --enable-libsanitizer --enable-libmpx --with-gmp=/home/conda/feedstock_root/build_artifacts/ctng-compilers_1618239181388/work/.build/x86_64-conda-linux-gnu/buildtools --with-mpfr=/home/conda/feedstock_root/build_artifacts/ctng-compilers_1618239181388/work/.build/x86_64-conda-linux-gnu/buildtools --with-mpc=/home/conda/feedstock_root/build_artifacts/ctng-compilers_1618239181388/work/.build/x86_64-conda-linux-gnu/buildtools --with-isl=/home/conda/feedstock_root/build_artifacts/ctng-compilers_1618239181388/work/.build/x86_64-conda-linux-gnu/buildtools --enable-lto --enable-threads=posix --enable-target-optspace --enable-plugin --enable-gold --disable-nls --disable-multilib --with-local-prefix=/home/conda/feedstock_root/build_artifacts/ctng-compilers_1618239181388/work/gcc_built/x86_64-conda-linux-gnu/sysroot --enable-long-long --enable-default-pie
Thread model: posix
gcc version 9.3.0 (crosstool-NG 1.24.0.133_b0863d8_dirty) 
COLLECT_GCC_OPTIONS='-fvisibility-inlines-hidden' '-std=c++17' '-fmessage-length=0' '-march=nocona' '-mtune=haswell' '-ftree-vectorize' '-fPIC' '-fstack-protector-strong' '-fno-plt' '-O2' '-ffunction-sections' '-pipe' '-isystem' '/home/ATE/miniconda3/include' '-v' '-o' 'CMakeFiles/cmTC_bb35a.dir/CMakeCXXCompilerABI.cpp.o' '-c' '-shared-libgcc'
 /home/ATE/miniconda3/bin/../libexec/gcc/x86_64-conda-linux-gnu/9.3.0/cc1plus -quiet -v -iprefix /home/ATE/miniconda3/bin/../lib/gcc/x86_64-conda-linux-gnu/9.3.0/ -isysroot /home/ATE/miniconda3/bin/../x86_64-conda-linux-gnu/sysroot -D_GNU_SOURCE -isystem /home/ATE/miniconda3/include /home/ATE/.local/share/JetBrains/Toolbox/apps/CLion/ch-0/211.7142.21/bin/cmake/linux/share/cmake-3.19/Modules/CMakeCXXCompilerABI.cpp -quiet -dumpbase CMakeCXXCompilerABI.cpp -march=nocona -mtune=haswell -auxbase-strip CMakeFiles/cmTC_bb35a.dir/CMakeCXXCompilerABI.cpp.o -O2 -std=c++17 -version -fvisibility-inlines-hidden -fmessage-length=0 -ftree-vectorize -fPIC -fstack-protector-strong -fno-plt -ffunction-sections -o - |
 /home/ATE/miniconda3/bin/../lib/gcc/x86_64-conda-linux-gnu/9.3.0/../../../../x86_64-conda-linux-gnu/bin/as -v --64 -o CMakeFiles/cmTC_bb35a.dir/CMakeCXXCompilerABI.cpp.o
GNU C++17 (crosstool-NG 1.24.0.133_b0863d8_dirty) version 9.3.0 (x86_64-conda-linux-gnu)
	compiled by GNU C version 4.4.7 20120313 (Red Hat 4.4.7-23), GMP version 6.2.0, MPFR version 4.0.2, MPC version 1.1.0, isl version isl-0.22-GMP

GGC heuristics: --param ggc-min-expand=100 --param ggc-min-heapsize=131072
ignoring duplicate directory "/home/ATE/miniconda3/bin/../lib/gcc/../../lib/gcc/x86_64-conda-linux-gnu/9.3.0/../../../../x86_64-conda-linux-gnu/include/c++/9.3.0"
ignoring duplicate directory "/home/ATE/miniconda3/bin/../lib/gcc/../../lib/gcc/x86_64-conda-linux-gnu/9.3.0/../../../../x86_64-conda-linux-gnu/include/c++/9.3.0/x86_64-conda-linux-gnu"
ignoring duplicate directory "/home/ATE/miniconda3/bin/../lib/gcc/../../lib/gcc/x86_64-conda-linux-gnu/9.3.0/../../../../x86_64-conda-linux-gnu/include/c++/9.3.0/backward"
ignoring duplicate directory "/home/ATE/miniconda3/bin/../lib/gcc/../../lib/gcc/x86_64-conda-linux-gnu/9.3.0/include"
ignoring nonexistent directory "/home/ATE/miniconda3/bin/../x86_64-conda-linux-gnu/sysroot/home/conda/feedstock_root/build_artifacts/ctng-compilers_1618239181388/work/gcc_built/x86_64-conda-linux-gnu/sysroot/include"
ignoring duplicate directory "/home/ATE/miniconda3/bin/../lib/gcc/../../lib/gcc/x86_64-conda-linux-gnu/9.3.0/include-fixed"
ignoring duplicate directory "/home/ATE/miniconda3/bin/../lib/gcc/../../lib/gcc/x86_64-conda-linux-gnu/9.3.0/../../../../x86_64-conda-linux-gnu/include"
#include "..." search starts here:
#include <...> search starts here:
 /home/ATE/miniconda3/include
 /home/ATE/miniconda3/bin/../lib/gcc/x86_64-conda-linux-gnu/9.3.0/../../../../x86_64-conda-linux-gnu/include/c++/9.3.0
 /home/ATE/miniconda3/bin/../lib/gcc/x86_64-conda-linux-gnu/9.3.0/../../../../x86_64-conda-linux-gnu/include/c++/9.3.0/x86_64-conda-linux-gnu
 /home/ATE/miniconda3/bin/../lib/gcc/x86_64-conda-linux-gnu/9.3.0/../../../../x86_64-conda-linux-gnu/include/c++/9.3.0/backward
 /home/ATE/miniconda3/bin/../lib/gcc/x86_64-conda-linux-gnu/9.3.0/include
 /home/ATE/miniconda3/bin/../lib/gcc/x86_64-conda-linux-gnu/9.3.0/include-fixed
 /home/ATE/miniconda3/bin/../lib/gcc/x86_64-conda-linux-gnu/9.3.0/../../../../x86_64-conda-linux-gnu/include
 /home/ATE/miniconda3/bin/../x86_64-conda-linux-gnu/sysroot/usr/include
End of search list.
GNU C++17 (crosstool-NG 1.24.0.133_b0863d8_dirty) version 9.3.0 (x86_64-conda-linux-gnu)
	compiled by GNU C version 4.4.7 20120313 (Red Hat 4.4.7-23), GMP version 6.2.0, MPFR version 4.0.2, MPC version 1.1.0, isl version isl-0.22-GMP

GGC heuristics: --param ggc-min-expand=100 --param ggc-min-heapsize=131072
GNU assembler version 2.36.1 (x86_64-conda-linux-gnu) using BFD version (GNU Binutils) 2.36.1
Compiler executable checksum: cebaf86d6f57451fee65a48688196198
COMPILER_PATH=/home/ATE/miniconda3/bin/../libexec/gcc/x86_64-conda-linux-gnu/9.3.0/:/home/ATE/miniconda3/bin/../libexec/gcc/:/home/ATE/miniconda3/bin/../lib/gcc/x86_64-conda-linux-gnu/9.3.0/../../../../x86_64-conda-linux-gnu/bin/
LIBRARY_PATH=/home/ATE/miniconda3/bin/../lib/gcc/x86_64-conda-linux-gnu/9.3.0/:/home/ATE/miniconda3/bin/../lib/gcc/:/home/ATE/miniconda3/bin/../lib/gcc/x86_64-conda-linux-gnu/9.3.0/../../../../x86_64-conda-linux-gnu/lib/../lib/:/home/ATE/miniconda3/bin/../x86_64-conda-linux-gnu/sysroot/lib/../lib/:/home/ATE/miniconda3/bin/../x86_64-conda-linux-gnu/sysroot/usr/lib/../lib/:/home/ATE/miniconda3/bin/../lib/gcc/x86_64-conda-linux-gnu/9.3.0/../../../../x86_64-conda-linux-gnu/lib/:/home/ATE/miniconda3/bin/../x86_64-conda-linux-gnu/sysroot/lib/:/home/ATE/miniconda3/bin/../x86_64-conda-linux-gnu/sysroot/usr/lib/
COLLECT_GCC_OPTIONS='-fvisibility-inlines-hidden' '-std=c++17' '-fmessage-length=0' '-march=nocona' '-mtune=haswell' '-ftree-vectorize' '-fPIC' '-fstack-protector-strong' '-fno-plt' '-O2' '-ffunction-sections' '-pipe' '-isystem' '/home/ATE/miniconda3/include' '-v' '-o' 'CMakeFiles/cmTC_bb35a.dir/CMakeCXXCompilerABI.cpp.o' '-c' '-shared-libgcc'
Linking CXX executable cmTC_bb35a
/home/ATE/.local/share/JetBrains/Toolbox/apps/CLion/ch-0/211.7142.21/bin/cmake/linux/bin/cmake -E cmake_link_script CMakeFiles/cmTC_bb35a.dir/link.txt --verbose=1
/home/ATE/miniconda3/bin/x86_64-conda-linux-gnu-c++ -fvisibility-inlines-hidden -std=c++17 -fmessage-length=0 -march=nocona -mtune=haswell -ftree-vectorize -fPIC -fstack-protector-strong -fno-plt -O2 -ffunction-sections -pipe -isystem /home/ATE/miniconda3/include  -Wl,-O2 -Wl,--sort-common -Wl,--as-needed -Wl,-z,relro -Wl,-z,now -Wl,--disable-new-dtags -Wl,--gc-sections -Wl,-rpath,/home/ATE/miniconda3/lib -Wl,-rpath-link,/home/ATE/miniconda3/lib -L/home/ATE/miniconda3/lib -v CMakeFiles/cmTC_bb35a.dir/CMakeCXXCompilerABI.cpp.o -o cmTC_bb35a 
Reading specs from /home/ATE/miniconda3/bin/../lib/gcc/x86_64-conda-linux-gnu/9.3.0/specs
COLLECT_GCC=/home/ATE/miniconda3/bin/x86_64-conda-linux-gnu-c++
COLLECT_LTO_WRAPPER=/home/ATE/miniconda3/bin/../libexec/gcc/x86_64-conda-linux-gnu/9.3.0/lto-wrapper
Target: x86_64-conda-linux-gnu
Configured with: /home/conda/feedstock_root/build_artifacts/ctng-compilers_1618239181388/work/.build/x86_64-conda-linux-gnu/src/gcc/configure --build=x86_64-build_pc-linux-gnu --host=x86_64-build_pc-linux-gnu --target=x86_64-conda-linux-gnu --prefix=/home/conda/feedstock_root/build_artifacts/ctng-compilers_1618239181388/work/gcc_built --with-sysroot=/home/conda/feedstock_root/build_artifacts/ctng-compilers_1618239181388/work/gcc_built/x86_64-conda-linux-gnu/sysroot --enable-languages=c,c++,fortran,objc,obj-c++ --with-pkgversion='crosstool-NG 1.24.0.133_b0863d8_dirty' --enable-__cxa_atexit --disable-libmudflap --enable-libgomp --disable-libssp --enable-libquadmath --enable-libquadmath-support --enable-libsanitizer --enable-libmpx --with-gmp=/home/conda/feedstock_root/build_artifacts/ctng-compilers_1618239181388/work/.build/x86_64-conda-linux-gnu/buildtools --with-mpfr=/home/conda/feedstock_root/build_artifacts/ctng-compilers_1618239181388/work/.build/x86_64-conda-linux-gnu/buildtools --with-mpc=/home/conda/feedstock_root/build_artifacts/ctng-compilers_1618239181388/work/.build/x86_64-conda-linux-gnu/buildtools --with-isl=/home/conda/feedstock_root/build_artifacts/ctng-compilers_1618239181388/work/.build/x86_64-conda-linux-gnu/buildtools --enable-lto --enable-threads=posix --enable-target-optspace --enable-plugin --enable-gold --disable-nls --disable-multilib --with-local-prefix=/home/conda/feedstock_root/build_artifacts/ctng-compilers_1618239181388/work/gcc_built/x86_64-conda-linux-gnu/sysroot --enable-long-long --enable-default-pie
Thread model: posix
gcc version 9.3.0 (crosstool-NG 1.24.0.133_b0863d8_dirty) 
COMPILER_PATH=/home/ATE/miniconda3/bin/../libexec/gcc/x86_64-conda-linux-gnu/9.3.0/:/home/ATE/miniconda3/bin/../libexec/gcc/:/home/ATE/miniconda3/bin/../lib/gcc/x86_64-conda-linux-gnu/9.3.0/../../../../x86_64-conda-linux-gnu/bin/
LIBRARY_PATH=/home/ATE/miniconda3/bin/../lib/gcc/x86_64-conda-linux-gnu/9.3.0/:/home/ATE/miniconda3/bin/../lib/gcc/:/home/ATE/miniconda3/bin/../lib/gcc/x86_64-conda-linux-gnu/9.3.0/../../../../x86_64-conda-linux-gnu/lib/../lib/:/home/ATE/miniconda3/bin/../x86_64-conda-linux-gnu/sysroot/lib/../lib/:/home/ATE/miniconda3/bin/../x86_64-conda-linux-gnu/sysroot/usr/lib/../lib/:/home/ATE/miniconda3/bin/../lib/gcc/x86_64-conda-linux-gnu/9.3.0/../../../../x86_64-conda-linux-gnu/lib/:/home/ATE/miniconda3/bin/../x86_64-conda-linux-gnu/sysroot/lib/:/home/ATE/miniconda3/bin/../x86_64-conda-linux-gnu/sysroot/usr/lib/
COLLECT_GCC_OPTIONS='-fvisibility-inlines-hidden' '-std=c++17' '-fmessage-length=0' '-march=nocona' '-mtune=haswell' '-ftree-vectorize' '-fPIC' '-fstack-protector-strong' '-fno-plt' '-O2' '-ffunction-sections' '-pipe' '-isystem' '/home/ATE/miniconda3/include' '-L/home/ATE/miniconda3/lib' '-v' '-o' 'cmTC_bb35a' '-shared-libgcc'
 /home/ATE/miniconda3/bin/../libexec/gcc/x86_64-conda-linux-gnu/9.3.0/collect2 -plugin /home/ATE/miniconda3/bin/../libexec/gcc/x86_64-conda-linux-gnu/9.3.0/liblto_plugin.so -plugin-opt=/home/ATE/miniconda3/bin/../libexec/gcc/x86_64-conda-linux-gnu/9.3.0/lto-wrapper -plugin-opt=-fresolution=/tmp/ccJKk03P.res -plugin-opt=-pass-through=-lgcc_s -plugin-opt=-pass-through=-lgcc -plugin-opt=-pass-through=-lc -plugin-opt=-pass-through=-lgcc_s -plugin-opt=-pass-through=-lgcc --sysroot=/home/ATE/miniconda3/bin/../x86_64-conda-linux-gnu/sysroot --eh-frame-hdr -m elf_x86_64 -dynamic-linker /lib64/ld-linux-x86-64.so.2 -pie -o cmTC_bb35a /home/ATE/miniconda3/bin/../x86_64-conda-linux-gnu/sysroot/usr/lib/../lib/Scrt1.o /home/ATE/miniconda3/bin/../x86_64-conda-linux-gnu/sysroot/usr/lib/../lib/crti.o /home/ATE/miniconda3/bin/../lib/gcc/x86_64-conda-linux-gnu/9.3.0/crtbeginS.o -L/home/ATE/miniconda3/lib -L/home/ATE/miniconda3/bin/../lib/gcc/x86_64-conda-linux-gnu/9.3.0 -L/home/ATE/miniconda3/bin/../lib/gcc -L/home/ATE/miniconda3/bin/../lib/gcc/x86_64-conda-linux-gnu/9.3.0/../../../../x86_64-conda-linux-gnu/lib/../lib -L/home/ATE/miniconda3/bin/../x86_64-conda-linux-gnu/sysroot/lib/../lib -L/home/ATE/miniconda3/bin/../x86_64-conda-linux-gnu/sysroot/usr/lib/../lib -L/home/ATE/miniconda3/bin/../lib/gcc/x86_64-conda-linux-gnu/9.3.0/../../../../x86_64-conda-linux-gnu/lib -L/home/ATE/miniconda3/bin/../x86_64-conda-linux-gnu/sysroot/lib -L/home/ATE/miniconda3/bin/../x86_64-conda-linux-gnu/sysroot/usr/lib -rpath /home/ATE/miniconda3/lib -O2 --sort-common --as-needed -z relro -z now --disable-new-dtags --gc-sections -rpath /home/ATE/miniconda3/lib -rpath-link /home/ATE/miniconda3/lib CMakeFiles/cmTC_bb35a.dir/CMakeCXXCompilerABI.cpp.o -lstdc++ -lm -lgcc_s -lgcc -lc -lgcc_s -lgcc /home/ATE/miniconda3/bin/../lib/gcc/x86_64-conda-linux-gnu/9.3.0/crtendS.o /home/ATE/miniconda3/bin/../x86_64-conda-linux-gnu/sysroot/usr/lib/../lib/crtn.o
COLLECT_GCC_OPTIONS='-fvisibility-inlines-hidden' '-std=c++17' '-fmessage-length=0' '-march=nocona' '-mtune=haswell' '-ftree-vectorize' '-fPIC' '-fstack-protector-strong' '-fno-plt' '-O2' '-ffunction-sections' '-pipe' '-isystem' '/home/ATE/miniconda3/include' '-L/home/ATE/miniconda3/lib' '-v' '-o' 'cmTC_bb35a' '-shared-libgcc'
gmake[1]: Leaving directory '/home/ATE/CLionProjects/Merlin/cmake-build-debug/CMakeFiles/CMakeTmp'



Parsed CXX implicit include dir info from above output: rv=done
  found start of include info
  found start of implicit include info
    add: [/home/ATE/miniconda3/include]
    add: [/home/ATE/miniconda3/bin/../lib/gcc/x86_64-conda-linux-gnu/9.3.0/../../../../x86_64-conda-linux-gnu/include/c++/9.3.0]
    add: [/home/ATE/miniconda3/bin/../lib/gcc/x86_64-conda-linux-gnu/9.3.0/../../../../x86_64-conda-linux-gnu/include/c++/9.3.0/x86_64-conda-linux-gnu]
    add: [/home/ATE/miniconda3/bin/../lib/gcc/x86_64-conda-linux-gnu/9.3.0/../../../../x86_64-conda-linux-gnu/include/c++/9.3.0/backward]
    add: [/home/ATE/miniconda3/bin/../lib/gcc/x86_64-conda-linux-gnu/9.3.0/include]
    add: [/home/ATE/miniconda3/bin/../lib/gcc/x86_64-conda-linux-gnu/9.3.0/include-fixed]
    add: [/home/ATE/miniconda3/bin/../lib/gcc/x86_64-conda-linux-gnu/9.3.0/../../../../x86_64-conda-linux-gnu/include]
    add: [/home/ATE/miniconda3/bin/../x86_64-conda-linux-gnu/sysroot/usr/include]
  end of search list found
  collapse include dir [/home/ATE/miniconda3/include] ==> [/home/ATE/miniconda3/include]
  collapse include dir [/home/ATE/miniconda3/bin/../lib/gcc/x86_64-conda-linux-gnu/9.3.0/../../../../x86_64-conda-linux-gnu/include/c++/9.3.0] ==> [/home/ATE/miniconda3/x86_64-conda-linux-gnu/include/c++/9.3.0]
  collapse include dir [/home/ATE/miniconda3/bin/../lib/gcc/x86_64-conda-linux-gnu/9.3.0/../../../../x86_64-conda-linux-gnu/include/c++/9.3.0/x86_64-conda-linux-gnu] ==> [/home/ATE/miniconda3/x86_64-conda-linux-gnu/include/c++/9.3.0/x86_64-conda-linux-gnu]
  collapse include dir [/home/ATE/miniconda3/bin/../lib/gcc/x86_64-conda-linux-gnu/9.3.0/../../../../x86_64-conda-linux-gnu/include/c++/9.3.0/backward] ==> [/home/ATE/miniconda3/x86_64-conda-linux-gnu/include/c++/9.3.0/backward]
  collapse include dir [/home/ATE/miniconda3/bin/../lib/gcc/x86_64-conda-linux-gnu/9.3.0/include] ==> [/home/ATE/miniconda3/lib/gcc/x86_64-conda-linux-gnu/9.3.0/include]
  collapse include dir [/home/ATE/miniconda3/bin/../lib/gcc/x86_64-conda-linux-gnu/9.3.0/include-fixed] ==> [/home/ATE/miniconda3/lib/gcc/x86_64-conda-linux-gnu/9.3.0/include-fixed]
  collapse include dir [/home/ATE/miniconda3/bin/../lib/gcc/x86_64-conda-linux-gnu/9.3.0/../../../../x86_64-conda-linux-gnu/include] ==> [/home/ATE/miniconda3/x86_64-conda-linux-gnu/include]
  collapse include dir [/home/ATE/miniconda3/bin/../x86_64-conda-linux-gnu/sysroot/usr/include] ==> [/home/ATE/miniconda3/x86_64-conda-linux-gnu/sysroot/usr/include]
  implicit include dirs: [/home/ATE/miniconda3/include;/home/ATE/miniconda3/x86_64-conda-linux-gnu/include/c++/9.3.0;/home/ATE/miniconda3/x86_64-conda-linux-gnu/include/c++/9.3.0/x86_64-conda-linux-gnu;/home/ATE/miniconda3/x86_64-conda-linux-gnu/include/c++/9.3.0/backward;/home/ATE/miniconda3/lib/gcc/x86_64-conda-linux-gnu/9.3.0/include;/home/ATE/miniconda3/lib/gcc/x86_64-conda-linux-gnu/9.3.0/include-fixed;/home/ATE/miniconda3/x86_64-conda-linux-gnu/include;/home/ATE/miniconda3/x86_64-conda-linux-gnu/sysroot/usr/include]


Parsed CXX implicit link information from above output:
  link line regex: [^( *|.*[/\])(x86_64-conda-linux-gnu-ld|CMAKE_LINK_STARTFILE-NOTFOUND|([^/\]+-)?ld|collect2)[^/\]*( |$)]
  ignore line: [Change Dir: /home/ATE/CLionProjects/Merlin/cmake-build-debug/CMakeFiles/CMakeTmp]
  ignore line: []
  ignore line: [Run Build Command(s):/usr/bin/gmake cmTC_bb35a/fast && /usr/bin/gmake  -f CMakeFiles/cmTC_bb35a.dir/build.make CMakeFiles/cmTC_bb35a.dir/build]
  ignore line: [gmake[1]: Entering directory '/home/ATE/CLionProjects/Merlin/cmake-build-debug/CMakeFiles/CMakeTmp']
  ignore line: [Building CXX object CMakeFiles/cmTC_bb35a.dir/CMakeCXXCompilerABI.cpp.o]
  ignore line: [/home/ATE/miniconda3/bin/x86_64-conda-linux-gnu-c++   -fvisibility-inlines-hidden -std=c++17 -fmessage-length=0 -march=nocona -mtune=haswell -ftree-vectorize -fPIC -fstack-protector-strong -fno-plt -O2 -ffunction-sections -pipe -isystem /home/ATE/miniconda3/include    -v -o CMakeFiles/cmTC_bb35a.dir/CMakeCXXCompilerABI.cpp.o -c /home/ATE/.local/share/JetBrains/Toolbox/apps/CLion/ch-0/211.7142.21/bin/cmake/linux/share/cmake-3.19/Modules/CMakeCXXCompilerABI.cpp]
  ignore line: [Reading specs from /home/ATE/miniconda3/bin/../lib/gcc/x86_64-conda-linux-gnu/9.3.0/specs]
  ignore line: [COLLECT_GCC=/home/ATE/miniconda3/bin/x86_64-conda-linux-gnu-c++]
  ignore line: [Target: x86_64-conda-linux-gnu]
  ignore line: [Configured with: /home/conda/feedstock_root/build_artifacts/ctng-compilers_1618239181388/work/.build/x86_64-conda-linux-gnu/src/gcc/configure --build=x86_64-build_pc-linux-gnu --host=x86_64-build_pc-linux-gnu --target=x86_64-conda-linux-gnu --prefix=/home/conda/feedstock_root/build_artifacts/ctng-compilers_1618239181388/work/gcc_built --with-sysroot=/home/conda/feedstock_root/build_artifacts/ctng-compilers_1618239181388/work/gcc_built/x86_64-conda-linux-gnu/sysroot --enable-languages=c c++ fortran objc obj-c++ --with-pkgversion='crosstool-NG 1.24.0.133_b0863d8_dirty' --enable-__cxa_atexit --disable-libmudflap --enable-libgomp --disable-libssp --enable-libquadmath --enable-libquadmath-support --enable-libsanitizer --enable-libmpx --with-gmp=/home/conda/feedstock_root/build_artifacts/ctng-compilers_1618239181388/work/.build/x86_64-conda-linux-gnu/buildtools --with-mpfr=/home/conda/feedstock_root/build_artifacts/ctng-compilers_1618239181388/work/.build/x86_64-conda-linux-gnu/buildtools --with-mpc=/home/conda/feedstock_root/build_artifacts/ctng-compilers_1618239181388/work/.build/x86_64-conda-linux-gnu/buildtools --with-isl=/home/conda/feedstock_root/build_artifacts/ctng-compilers_1618239181388/work/.build/x86_64-conda-linux-gnu/buildtools --enable-lto --enable-threads=posix --enable-target-optspace --enable-plugin --enable-gold --disable-nls --disable-multilib --with-local-prefix=/home/conda/feedstock_root/build_artifacts/ctng-compilers_1618239181388/work/gcc_built/x86_64-conda-linux-gnu/sysroot --enable-long-long --enable-default-pie]
  ignore line: [Thread model: posix]
  ignore line: [gcc version 9.3.0 (crosstool-NG 1.24.0.133_b0863d8_dirty) ]
  ignore line: [COLLECT_GCC_OPTIONS='-fvisibility-inlines-hidden' '-std=c++17' '-fmessage-length=0' '-march=nocona' '-mtune=haswell' '-ftree-vectorize' '-fPIC' '-fstack-protector-strong' '-fno-plt' '-O2' '-ffunction-sections' '-pipe' '-isystem' '/home/ATE/miniconda3/include' '-v' '-o' 'CMakeFiles/cmTC_bb35a.dir/CMakeCXXCompilerABI.cpp.o' '-c' '-shared-libgcc']
  ignore line: [ /home/ATE/miniconda3/bin/../libexec/gcc/x86_64-conda-linux-gnu/9.3.0/cc1plus -quiet -v -iprefix /home/ATE/miniconda3/bin/../lib/gcc/x86_64-conda-linux-gnu/9.3.0/ -isysroot /home/ATE/miniconda3/bin/../x86_64-conda-linux-gnu/sysroot -D_GNU_SOURCE -isystem /home/ATE/miniconda3/include /home/ATE/.local/share/JetBrains/Toolbox/apps/CLion/ch-0/211.7142.21/bin/cmake/linux/share/cmake-3.19/Modules/CMakeCXXCompilerABI.cpp -quiet -dumpbase CMakeCXXCompilerABI.cpp -march=nocona -mtune=haswell -auxbase-strip CMakeFiles/cmTC_bb35a.dir/CMakeCXXCompilerABI.cpp.o -O2 -std=c++17 -version -fvisibility-inlines-hidden -fmessage-length=0 -ftree-vectorize -fPIC -fstack-protector-strong -fno-plt -ffunction-sections -o - |]
  ignore line: [ /home/ATE/miniconda3/bin/../lib/gcc/x86_64-conda-linux-gnu/9.3.0/../../../../x86_64-conda-linux-gnu/bin/as -v --64 -o CMakeFiles/cmTC_bb35a.dir/CMakeCXXCompilerABI.cpp.o]
  ignore line: [GNU C++17 (crosstool-NG 1.24.0.133_b0863d8_dirty) version 9.3.0 (x86_64-conda-linux-gnu)]
  ignore line: [	compiled by GNU C version 4.4.7 20120313 (Red Hat 4.4.7-23)  GMP version 6.2.0  MPFR version 4.0.2  MPC version 1.1.0  isl version isl-0.22-GMP]
  ignore line: []
  ignore line: [GGC heuristics: --param ggc-min-expand=100 --param ggc-min-heapsize=131072]
  ignore line: [ignoring duplicate directory "/home/ATE/miniconda3/bin/../lib/gcc/../../lib/gcc/x86_64-conda-linux-gnu/9.3.0/../../../../x86_64-conda-linux-gnu/include/c++/9.3.0"]
  ignore line: [ignoring duplicate directory "/home/ATE/miniconda3/bin/../lib/gcc/../../lib/gcc/x86_64-conda-linux-gnu/9.3.0/../../../../x86_64-conda-linux-gnu/include/c++/9.3.0/x86_64-conda-linux-gnu"]
  ignore line: [ignoring duplicate directory "/home/ATE/miniconda3/bin/../lib/gcc/../../lib/gcc/x86_64-conda-linux-gnu/9.3.0/../../../../x86_64-conda-linux-gnu/include/c++/9.3.0/backward"]
  ignore line: [ignoring duplicate directory "/home/ATE/miniconda3/bin/../lib/gcc/../../lib/gcc/x86_64-conda-linux-gnu/9.3.0/include"]
  ignore line: [ignoring nonexistent directory "/home/ATE/miniconda3/bin/../x86_64-conda-linux-gnu/sysroot/home/conda/feedstock_root/build_artifacts/ctng-compilers_1618239181388/work/gcc_built/x86_64-conda-linux-gnu/sysroot/include"]
  ignore line: [ignoring duplicate directory "/home/ATE/miniconda3/bin/../lib/gcc/../../lib/gcc/x86_64-conda-linux-gnu/9.3.0/include-fixed"]
  ignore line: [ignoring duplicate directory "/home/ATE/miniconda3/bin/../lib/gcc/../../lib/gcc/x86_64-conda-linux-gnu/9.3.0/../../../../x86_64-conda-linux-gnu/include"]
  ignore line: [#include "..." search starts here:]
  ignore line: [#include <...> search starts here:]
  ignore line: [ /home/ATE/miniconda3/include]
  ignore line: [ /home/ATE/miniconda3/bin/../lib/gcc/x86_64-conda-linux-gnu/9.3.0/../../../../x86_64-conda-linux-gnu/include/c++/9.3.0]
  ignore line: [ /home/ATE/miniconda3/bin/../lib/gcc/x86_64-conda-linux-gnu/9.3.0/../../../../x86_64-conda-linux-gnu/include/c++/9.3.0/x86_64-conda-linux-gnu]
  ignore line: [ /home/ATE/miniconda3/bin/../lib/gcc/x86_64-conda-linux-gnu/9.3.0/../../../../x86_64-conda-linux-gnu/include/c++/9.3.0/backward]
  ignore line: [ /home/ATE/miniconda3/bin/../lib/gcc/x86_64-conda-linux-gnu/9.3.0/include]
  ignore line: [ /home/ATE/miniconda3/bin/../lib/gcc/x86_64-conda-linux-gnu/9.3.0/include-fixed]
  ignore line: [ /home/ATE/miniconda3/bin/../lib/gcc/x86_64-conda-linux-gnu/9.3.0/../../../../x86_64-conda-linux-gnu/include]
  ignore line: [ /home/ATE/miniconda3/bin/../x86_64-conda-linux-gnu/sysroot/usr/include]
  ignore line: [End of search list.]
  ignore line: [GNU C++17 (crosstool-NG 1.24.0.133_b0863d8_dirty) version 9.3.0 (x86_64-conda-linux-gnu)]
  ignore line: [	compiled by GNU C version 4.4.7 20120313 (Red Hat 4.4.7-23)  GMP version 6.2.0  MPFR version 4.0.2  MPC version 1.1.0  isl version isl-0.22-GMP]
  ignore line: []
  ignore line: [GGC heuristics: --param ggc-min-expand=100 --param ggc-min-heapsize=131072]
  ignore line: [GNU assembler version 2.36.1 (x86_64-conda-linux-gnu) using BFD version (GNU Binutils) 2.36.1]
  ignore line: [Compiler executable checksum: cebaf86d6f57451fee65a48688196198]
  ignore line: [COMPILER_PATH=/home/ATE/miniconda3/bin/../libexec/gcc/x86_64-conda-linux-gnu/9.3.0/:/home/ATE/miniconda3/bin/../libexec/gcc/:/home/ATE/miniconda3/bin/../lib/gcc/x86_64-conda-linux-gnu/9.3.0/../../../../x86_64-conda-linux-gnu/bin/]
  ignore line: [LIBRARY_PATH=/home/ATE/miniconda3/bin/../lib/gcc/x86_64-conda-linux-gnu/9.3.0/:/home/ATE/miniconda3/bin/../lib/gcc/:/home/ATE/miniconda3/bin/../lib/gcc/x86_64-conda-linux-gnu/9.3.0/../../../../x86_64-conda-linux-gnu/lib/../lib/:/home/ATE/miniconda3/bin/../x86_64-conda-linux-gnu/sysroot/lib/../lib/:/home/ATE/miniconda3/bin/../x86_64-conda-linux-gnu/sysroot/usr/lib/../lib/:/home/ATE/miniconda3/bin/../lib/gcc/x86_64-conda-linux-gnu/9.3.0/../../../../x86_64-conda-linux-gnu/lib/:/home/ATE/miniconda3/bin/../x86_64-conda-linux-gnu/sysroot/lib/:/home/ATE/miniconda3/bin/../x86_64-conda-linux-gnu/sysroot/usr/lib/]
  ignore line: [COLLECT_GCC_OPTIONS='-fvisibility-inlines-hidden' '-std=c++17' '-fmessage-length=0' '-march=nocona' '-mtune=haswell' '-ftree-vectorize' '-fPIC' '-fstack-protector-strong' '-fno-plt' '-O2' '-ffunction-sections' '-pipe' '-isystem' '/home/ATE/miniconda3/include' '-v' '-o' 'CMakeFiles/cmTC_bb35a.dir/CMakeCXXCompilerABI.cpp.o' '-c' '-shared-libgcc']
  ignore line: [Linking CXX executable cmTC_bb35a]
  ignore line: [/home/ATE/.local/share/JetBrains/Toolbox/apps/CLion/ch-0/211.7142.21/bin/cmake/linux/bin/cmake -E cmake_link_script CMakeFiles/cmTC_bb35a.dir/link.txt --verbose=1]
  ignore line: [/home/ATE/miniconda3/bin/x86_64-conda-linux-gnu-c++ -fvisibility-inlines-hidden -std=c++17 -fmessage-length=0 -march=nocona -mtune=haswell -ftree-vectorize -fPIC -fstack-protector-strong -fno-plt -O2 -ffunction-sections -pipe -isystem /home/ATE/miniconda3/include  -Wl -O2 -Wl --sort-common -Wl --as-needed -Wl -z relro -Wl -z now -Wl --disable-new-dtags -Wl --gc-sections -Wl -rpath /home/ATE/miniconda3/lib -Wl -rpath-link /home/ATE/miniconda3/lib -L/home/ATE/miniconda3/lib -v CMakeFiles/cmTC_bb35a.dir/CMakeCXXCompilerABI.cpp.o -o cmTC_bb35a ]
  ignore line: [Reading specs from /home/ATE/miniconda3/bin/../lib/gcc/x86_64-conda-linux-gnu/9.3.0/specs]
  ignore line: [COLLECT_GCC=/home/ATE/miniconda3/bin/x86_64-conda-linux-gnu-c++]
  ignore line: [COLLECT_LTO_WRAPPER=/home/ATE/miniconda3/bin/../libexec/gcc/x86_64-conda-linux-gnu/9.3.0/lto-wrapper]
  ignore line: [Target: x86_64-conda-linux-gnu]
  ignore line: [Configured with: /home/conda/feedstock_root/build_artifacts/ctng-compilers_1618239181388/work/.build/x86_64-conda-linux-gnu/src/gcc/configure --build=x86_64-build_pc-linux-gnu --host=x86_64-build_pc-linux-gnu --target=x86_64-conda-linux-gnu --prefix=/home/conda/feedstock_root/build_artifacts/ctng-compilers_1618239181388/work/gcc_built --with-sysroot=/home/conda/feedstock_root/build_artifacts/ctng-compilers_1618239181388/work/gcc_built/x86_64-conda-linux-gnu/sysroot --enable-languages=c c++ fortran objc obj-c++ --with-pkgversion='crosstool-NG 1.24.0.133_b0863d8_dirty' --enable-__cxa_atexit --disable-libmudflap --enable-libgomp --disable-libssp --enable-libquadmath --enable-libquadmath-support --enable-libsanitizer --enable-libmpx --with-gmp=/home/conda/feedstock_root/build_artifacts/ctng-compilers_1618239181388/work/.build/x86_64-conda-linux-gnu/buildtools --with-mpfr=/home/conda/feedstock_root/build_artifacts/ctng-compilers_1618239181388/work/.build/x86_64-conda-linux-gnu/buildtools --with-mpc=/home/conda/feedstock_root/build_artifacts/ctng-compilers_1618239181388/work/.build/x86_64-conda-linux-gnu/buildtools --with-isl=/home/conda/feedstock_root/build_artifacts/ctng-compilers_1618239181388/work/.build/x86_64-conda-linux-gnu/buildtools --enable-lto --enable-threads=posix --enable-target-optspace --enable-plugin --enable-gold --disable-nls --disable-multilib --with-local-prefix=/home/conda/feedstock_root/build_artifacts/ctng-compilers_1618239181388/work/gcc_built/x86_64-conda-linux-gnu/sysroot --enable-long-long --enable-default-pie]
  ignore line: [Thread model: posix]
  ignore line: [gcc version 9.3.0 (crosstool-NG 1.24.0.133_b0863d8_dirty) ]
  ignore line: [COMPILER_PATH=/home/ATE/miniconda3/bin/../libexec/gcc/x86_64-conda-linux-gnu/9.3.0/:/home/ATE/miniconda3/bin/../libexec/gcc/:/home/ATE/miniconda3/bin/../lib/gcc/x86_64-conda-linux-gnu/9.3.0/../../../../x86_64-conda-linux-gnu/bin/]
  ignore line: [LIBRARY_PATH=/home/ATE/miniconda3/bin/../lib/gcc/x86_64-conda-linux-gnu/9.3.0/:/home/ATE/miniconda3/bin/../lib/gcc/:/home/ATE/miniconda3/bin/../lib/gcc/x86_64-conda-linux-gnu/9.3.0/../../../../x86_64-conda-linux-gnu/lib/../lib/:/home/ATE/miniconda3/bin/../x86_64-conda-linux-gnu/sysroot/lib/../lib/:/home/ATE/miniconda3/bin/../x86_64-conda-linux-gnu/sysroot/usr/lib/../lib/:/home/ATE/miniconda3/bin/../lib/gcc/x86_64-conda-linux-gnu/9.3.0/../../../../x86_64-conda-linux-gnu/lib/:/home/ATE/miniconda3/bin/../x86_64-conda-linux-gnu/sysroot/lib/:/home/ATE/miniconda3/bin/../x86_64-conda-linux-gnu/sysroot/usr/lib/]
  ignore line: [COLLECT_GCC_OPTIONS='-fvisibility-inlines-hidden' '-std=c++17' '-fmessage-length=0' '-march=nocona' '-mtune=haswell' '-ftree-vectorize' '-fPIC' '-fstack-protector-strong' '-fno-plt' '-O2' '-ffunction-sections' '-pipe' '-isystem' '/home/ATE/miniconda3/include' '-L/home/ATE/miniconda3/lib' '-v' '-o' 'cmTC_bb35a' '-shared-libgcc']
  link line: [ /home/ATE/miniconda3/bin/../libexec/gcc/x86_64-conda-linux-gnu/9.3.0/collect2 -plugin /home/ATE/miniconda3/bin/../libexec/gcc/x86_64-conda-linux-gnu/9.3.0/liblto_plugin.so -plugin-opt=/home/ATE/miniconda3/bin/../libexec/gcc/x86_64-conda-linux-gnu/9.3.0/lto-wrapper -plugin-opt=-fresolution=/tmp/ccJKk03P.res -plugin-opt=-pass-through=-lgcc_s -plugin-opt=-pass-through=-lgcc -plugin-opt=-pass-through=-lc -plugin-opt=-pass-through=-lgcc_s -plugin-opt=-pass-through=-lgcc --sysroot=/home/ATE/miniconda3/bin/../x86_64-conda-linux-gnu/sysroot --eh-frame-hdr -m elf_x86_64 -dynamic-linker /lib64/ld-linux-x86-64.so.2 -pie -o cmTC_bb35a /home/ATE/miniconda3/bin/../x86_64-conda-linux-gnu/sysroot/usr/lib/../lib/Scrt1.o /home/ATE/miniconda3/bin/../x86_64-conda-linux-gnu/sysroot/usr/lib/../lib/crti.o /home/ATE/miniconda3/bin/../lib/gcc/x86_64-conda-linux-gnu/9.3.0/crtbeginS.o -L/home/ATE/miniconda3/lib -L/home/ATE/miniconda3/bin/../lib/gcc/x86_64-conda-linux-gnu/9.3.0 -L/home/ATE/miniconda3/bin/../lib/gcc -L/home/ATE/miniconda3/bin/../lib/gcc/x86_64-conda-linux-gnu/9.3.0/../../../../x86_64-conda-linux-gnu/lib/../lib -L/home/ATE/miniconda3/bin/../x86_64-conda-linux-gnu/sysroot/lib/../lib -L/home/ATE/miniconda3/bin/../x86_64-conda-linux-gnu/sysroot/usr/lib/../lib -L/home/ATE/miniconda3/bin/../lib/gcc/x86_64-conda-linux-gnu/9.3.0/../../../../x86_64-conda-linux-gnu/lib -L/home/ATE/miniconda3/bin/../x86_64-conda-linux-gnu/sysroot/lib -L/home/ATE/miniconda3/bin/../x86_64-conda-linux-gnu/sysroot/usr/lib -rpath /home/ATE/miniconda3/lib -O2 --sort-common --as-needed -z relro -z now --disable-new-dtags --gc-sections -rpath /home/ATE/miniconda3/lib -rpath-link /home/ATE/miniconda3/lib CMakeFiles/cmTC_bb35a.dir/CMakeCXXCompilerABI.cpp.o -lstdc++ -lm -lgcc_s -lgcc -lc -lgcc_s -lgcc /home/ATE/miniconda3/bin/../lib/gcc/x86_64-conda-linux-gnu/9.3.0/crtendS.o /home/ATE/miniconda3/bin/../x86_64-conda-linux-gnu/sysroot/usr/lib/../lib/crtn.o]
    arg [/home/ATE/miniconda3/bin/../libexec/gcc/x86_64-conda-linux-gnu/9.3.0/collect2] ==> ignore
    arg [-plugin] ==> ignore
    arg [/home/ATE/miniconda3/bin/../libexec/gcc/x86_64-conda-linux-gnu/9.3.0/liblto_plugin.so] ==> ignore
    arg [-plugin-opt=/home/ATE/miniconda3/bin/../libexec/gcc/x86_64-conda-linux-gnu/9.3.0/lto-wrapper] ==> ignore
    arg [-plugin-opt=-fresolution=/tmp/ccJKk03P.res] ==> ignore
    arg [-plugin-opt=-pass-through=-lgcc_s] ==> ignore
    arg [-plugin-opt=-pass-through=-lgcc] ==> ignore
    arg [-plugin-opt=-pass-through=-lc] ==> ignore
    arg [-plugin-opt=-pass-through=-lgcc_s] ==> ignore
    arg [-plugin-opt=-pass-through=-lgcc] ==> ignore
    arg [--sysroot=/home/ATE/miniconda3/bin/../x86_64-conda-linux-gnu/sysroot] ==> ignore
    arg [--eh-frame-hdr] ==> ignore
    arg [-m] ==> ignore
    arg [elf_x86_64] ==> ignore
    arg [-dynamic-linker] ==> ignore
    arg [/lib64/ld-linux-x86-64.so.2] ==> ignore
    arg [-pie] ==> ignore
    arg [-o] ==> ignore
    arg [cmTC_bb35a] ==> ignore
    arg [/home/ATE/miniconda3/bin/../x86_64-conda-linux-gnu/sysroot/usr/lib/../lib/Scrt1.o] ==> ignore
    arg [/home/ATE/miniconda3/bin/../x86_64-conda-linux-gnu/sysroot/usr/lib/../lib/crti.o] ==> ignore
    arg [/home/ATE/miniconda3/bin/../lib/gcc/x86_64-conda-linux-gnu/9.3.0/crtbeginS.o] ==> ignore
    arg [-L/home/ATE/miniconda3/lib] ==> dir [/home/ATE/miniconda3/lib]
    arg [-L/home/ATE/miniconda3/bin/../lib/gcc/x86_64-conda-linux-gnu/9.3.0] ==> dir [/home/ATE/miniconda3/bin/../lib/gcc/x86_64-conda-linux-gnu/9.3.0]
    arg [-L/home/ATE/miniconda3/bin/../lib/gcc] ==> dir [/home/ATE/miniconda3/bin/../lib/gcc]
    arg [-L/home/ATE/miniconda3/bin/../lib/gcc/x86_64-conda-linux-gnu/9.3.0/../../../../x86_64-conda-linux-gnu/lib/../lib] ==> dir [/home/ATE/miniconda3/bin/../lib/gcc/x86_64-conda-linux-gnu/9.3.0/../../../../x86_64-conda-linux-gnu/lib/../lib]
    arg [-L/home/ATE/miniconda3/bin/../x86_64-conda-linux-gnu/sysroot/lib/../lib] ==> dir [/home/ATE/miniconda3/bin/../x86_64-conda-linux-gnu/sysroot/lib/../lib]
    arg [-L/home/ATE/miniconda3/bin/../x86_64-conda-linux-gnu/sysroot/usr/lib/../lib] ==> dir [/home/ATE/miniconda3/bin/../x86_64-conda-linux-gnu/sysroot/usr/lib/../lib]
    arg [-L/home/ATE/miniconda3/bin/../lib/gcc/x86_64-conda-linux-gnu/9.3.0/../../../../x86_64-conda-linux-gnu/lib] ==> dir [/home/ATE/miniconda3/bin/../lib/gcc/x86_64-conda-linux-gnu/9.3.0/../../../../x86_64-conda-linux-gnu/lib]
    arg [-L/home/ATE/miniconda3/bin/../x86_64-conda-linux-gnu/sysroot/lib] ==> dir [/home/ATE/miniconda3/bin/../x86_64-conda-linux-gnu/sysroot/lib]
    arg [-L/home/ATE/miniconda3/bin/../x86_64-conda-linux-gnu/sysroot/usr/lib] ==> dir [/home/ATE/miniconda3/bin/../x86_64-conda-linux-gnu/sysroot/usr/lib]
    arg [-rpath] ==> ignore
    arg [/home/ATE/miniconda3/lib] ==> ignore
    arg [-O2] ==> ignore
    arg [--sort-common] ==> ignore
    arg [--as-needed] ==> ignore
    arg [-zrelro] ==> ignore
    arg [-znow] ==> ignore
    arg [--disable-new-dtags] ==> ignore
    arg [--gc-sections] ==> ignore
    arg [-rpath] ==> ignore
    arg [/home/ATE/miniconda3/lib] ==> ignore
    arg [-rpath-link] ==> ignore
    arg [/home/ATE/miniconda3/lib] ==> ignore
    arg [CMakeFiles/cmTC_bb35a.dir/CMakeCXXCompilerABI.cpp.o] ==> ignore
    arg [-lstdc++] ==> lib [stdc++]
    arg [-lm] ==> lib [m]
    arg [-lgcc_s] ==> lib [gcc_s]
    arg [-lgcc] ==> lib [gcc]
    arg [-lc] ==> lib [c]
    arg [-lgcc_s] ==> lib [gcc_s]
    arg [-lgcc] ==> lib [gcc]
    arg [/home/ATE/miniconda3/bin/../lib/gcc/x86_64-conda-linux-gnu/9.3.0/crtendS.o] ==> ignore
    arg [/home/ATE/miniconda3/bin/../x86_64-conda-linux-gnu/sysroot/usr/lib/../lib/crtn.o] ==> ignore
  collapse library dir [/home/ATE/miniconda3/lib] ==> [/home/ATE/miniconda3/lib]
  collapse library dir [/home/ATE/miniconda3/bin/../lib/gcc/x86_64-conda-linux-gnu/9.3.0] ==> [/home/ATE/miniconda3/lib/gcc/x86_64-conda-linux-gnu/9.3.0]
  collapse library dir [/home/ATE/miniconda3/bin/../lib/gcc] ==> [/home/ATE/miniconda3/lib/gcc]
  collapse library dir [/home/ATE/miniconda3/bin/../lib/gcc/x86_64-conda-linux-gnu/9.3.0/../../../../x86_64-conda-linux-gnu/lib/../lib] ==> [/home/ATE/miniconda3/x86_64-conda-linux-gnu/lib]
  collapse library dir [/home/ATE/miniconda3/bin/../x86_64-conda-linux-gnu/sysroot/lib/../lib] ==> [/home/ATE/miniconda3/x86_64-conda-linux-gnu/sysroot/lib]
  collapse library dir [/home/ATE/miniconda3/bin/../x86_64-conda-linux-gnu/sysroot/usr/lib/../lib] ==> [/home/ATE/miniconda3/x86_64-conda-linux-gnu/sysroot/usr/lib]
  collapse library dir [/home/ATE/miniconda3/bin/../lib/gcc/x86_64-conda-linux-gnu/9.3.0/../../../../x86_64-conda-linux-gnu/lib] ==> [/home/ATE/miniconda3/x86_64-conda-linux-gnu/lib]
  collapse library dir [/home/ATE/miniconda3/bin/../x86_64-conda-linux-gnu/sysroot/lib] ==> [/home/ATE/miniconda3/x86_64-conda-linux-gnu/sysroot/lib]
  collapse library dir [/home/ATE/miniconda3/bin/../x86_64-conda-linux-gnu/sysroot/usr/lib] ==> [/home/ATE/miniconda3/x86_64-conda-linux-gnu/sysroot/usr/lib]
  implicit libs: [stdc++;m;gcc_s;gcc;c;gcc_s;gcc]
  implicit dirs: [/home/ATE/miniconda3/lib;/home/ATE/miniconda3/lib/gcc/x86_64-conda-linux-gnu/9.3.0;/home/ATE/miniconda3/lib/gcc;/home/ATE/miniconda3/x86_64-conda-linux-gnu/lib;/home/ATE/miniconda3/x86_64-conda-linux-gnu/sysroot/lib;/home/ATE/miniconda3/x86_64-conda-linux-gnu/sysroot/usr/lib]
  implicit fwks: []


